Change Component Designator: Old Designator=C115 New Designator=C28
Change Component Designator: Old Designator=C116 New Designator=C29
Change Component Designator: Old Designator=C117 New Designator=C30
Change Component Designator: Old Designator=C118 New Designator=C31
Change Component Designator: Old Designator=C119 New Designator=C32
Change Component Designator: Old Designator=C120 New Designator=C33
Change Component Designator: Old Designator=C121 New Designator=C34
Change Component Designator: Old Designator=C122 New Designator=C35
Change Component Designator: Old Designator=C123 New Designator=C36
Change Component Designator: Old Designator=JP6 New Designator=JP4
Change Component Designator: Old Designator=JP7 New Designator=JP5
Change Component Designator: Old Designator=JP8 New Designator=JP7
Change Component Designator: Old Designator=JP9 New Designator=JP3
Change Component Designator: Old Designator=JP? New Designator=JP6
Change Component Designator: Old Designator=R76 New Designator=R13
Change Component Designator: Old Designator=R77 New Designator=R14
Change Component Designator: Old Designator=R78 New Designator=R15
Change Component Designator: Old Designator=R79 New Designator=R16
Change Component Designator: Old Designator=R80 New Designator=R17
Change Component Designator: Old Designator=R81 New Designator=R18
Change Component Designator: Old Designator=R82 New Designator=R19
Change Component Designator: Old Designator=R83 New Designator=R20
Change Component Designator: Old Designator=U21 New Designator=U5
Change Component Designator: Old Designator=U22 New Designator=U6
