Removed Pin From Net: NetName=GND Pin=C57-1
Removed Pin From Net: NetName=VCC3_3 Pin=C57-2
Removed Pin From Net: NetName=VCC5 Pin=C66-1
Removed Pin From Net: NetName=VCC5 Pin=C67-2
Removed Pin From Net: NetName=VCC5 Pin=C73-2
Removed Pin From Net: NetName=VCC5 Pin=C88-2
Removed Pin From Net: NetName=VCC5 Pin=C95-2
Removed Pin From Net: NetName=GND Pin=R52-2
Removed Pin From Net: NetName=GND Pin=R53-2
Removed Pin From Net: NetName=GND Pin=R54-2
Removed Pin From Net: NetName=GND Pin=R56-2
Removed Pin From Net: NetName=GND Pin=R84-2
Removed Pin From Net: NetName=GND Pin=U10-31
Removed Pin From Net: NetName=GND Pin=U10-33
Removed Pin From Net: NetName=SPI3_MOSI Pin=U10-34
Removed Pin From Net: NetName=VCC3_3 Pin=U10-35
Removed Pin From Net: NetName=RESET Pin=U10-36
Removed Pin From Net: NetName=START Pin=U10-38
Removed Pin From Net: NetName=SPI3_CS Pin=U10-39
Removed Pin From Net: NetName=SPI3_CLK Pin=U10-40
Removed Pin From Net: NetName=GND Pin=U10-41
Removed Pin From Net: NetName=SPI3_MISO Pin=U10-43
Removed Pin From Net: NetName=DRDY Pin=U10-47
Removed Pin From Net: NetName=VCC3_3 Pin=U10-48
Removed Pin From Net: NetName=GND Pin=U10-49
Removed Pin From Net: NetName=VCC3_3 Pin=U10-50
Removed Pin From Net: NetName=GND Pin=U10-51
Removed Pin From Net: NetName=VCC5 Pin=U11-2
Removed Pin From Net: NetName=VCC5 Pin=U12-7
Removed Pin From Net: NetName=VCC5 Pin=U13-7
Removed Pin From Net: NetName=VCC5 Pin=U15-1
Removed Pin From Net: NetName=VCC5 Pin=U15-3
Removed Pin From Net: NetName=VCC5 Pin=U16-2
Removed Member From Class: ClassName=power_ic Member=C88
Removed Member From Class: ClassName=power_ic Member=C89
Removed Member From Class: ClassName=power_ic Member=C91
Removed Member From Class: ClassName=power_ic Member=C92
Removed Member From Class: ClassName=power_ic Member=C93
Removed Member From Class: ClassName=power_ic Member=C94
Removed Member From Class: ClassName=power_ic Member=C95
Removed Member From Class: ClassName=power_ic Member=C97
Removed Member From Class: ClassName=power_ic Member=C98
Removed Member From Class: ClassName=power_ic Member=C99
Removed Member From Class: ClassName=power_ic Member=C100
Removed Member From Class: ClassName=power_ic Member=C101
Removed Member From Class: ClassName=power_ic Member=C102
Removed Member From Class: ClassName=power_ic Member=L1
Removed Member From Class: ClassName=power_ic Member=L2
Removed Member From Class: ClassName=power_ic Member=R84
Removed Member From Class: ClassName=power_ic Member=U15
Removed Member From Class: ClassName=power_ic Member=U16
Removed Member From Class: ClassName=power_ic Member=U17
Change Component Designator: OldDesignator=C75 NewDesignator=C1
Change Component Designator: OldDesignator=C76 NewDesignator=C2
Change Component Designator: OldDesignator=C77 NewDesignator=C3
Change Component Designator: OldDesignator=C78 NewDesignator=C4
Change Component Designator: OldDesignator=C79 NewDesignator=C5
Change Component Designator: OldDesignator=C80 NewDesignator=C6
Change Component Designator: OldDesignator=C81 NewDesignator=C7
Change Component Designator: OldDesignator=C82 NewDesignator=C8
Change Component Designator: OldDesignator=C83 NewDesignator=C9
Change Component Designator: OldDesignator=C84 NewDesignator=C10
Change Component Designator: OldDesignator=C85 NewDesignator=C11
Change Component Designator: OldDesignator=C86 NewDesignator=C12
Change Component Designator: OldDesignator=C87 NewDesignator=C13
Change Component Designator: OldDesignator=C90 NewDesignator=C14
Change Component Designator: OldDesignator=C96 NewDesignator=C15
Change Component Designator: OldDesignator=C103 NewDesignator=C16
Change Component Designator: OldDesignator=C104 NewDesignator=C17
Change Component Designator: OldDesignator=C105 NewDesignator=C18
Change Component Designator: OldDesignator=C106 NewDesignator=C19
Change Component Designator: OldDesignator=C107 NewDesignator=C20
Change Component Designator: OldDesignator=C108 NewDesignator=C21
Change Component Designator: OldDesignator=C109 NewDesignator=C22
Change Component Designator: OldDesignator=C110 NewDesignator=C23
Change Component Designator: OldDesignator=C111 NewDesignator=C24
Change Component Designator: OldDesignator=C112 NewDesignator=C25
Change Component Designator: OldDesignator=C113 NewDesignator=C26
Change Component Designator: OldDesignator=C114 NewDesignator=C27
Change Component Designator: OldDesignator=C115 NewDesignator=C28
Change Component Designator: OldDesignator=C116 NewDesignator=C29
Change Component Designator: OldDesignator=C117 NewDesignator=C30
Change Component Designator: OldDesignator=C118 NewDesignator=C31
Change Component Designator: OldDesignator=C119 NewDesignator=C32
Change Component Designator: OldDesignator=C120 NewDesignator=C33
Change Component Designator: OldDesignator=C121 NewDesignator=C34
Change Component Designator: OldDesignator=C122 NewDesignator=C35
Change Component Designator: OldDesignator=C123 NewDesignator=C36
Change Component Designator: OldDesignator=JP4 NewDesignator=JP1
Change Component Designator: OldDesignator=JP5 NewDesignator=JP2
Change Component Designator: OldDesignator=JP6 NewDesignator=JP4
Change Component Designator: OldDesignator=JP7 NewDesignator=JP5
Change Component Designator: OldDesignator=JP8 NewDesignator=JP7
Change Component Designator: OldDesignator=JP9 NewDesignator=JP3
Change Component Designator: OldDesignator=L3 NewDesignator=L1
Change Component Designator: OldDesignator=L4 NewDesignator=L2
Change Component Designator: OldDesignator=R64 NewDesignator=R1
Change Component Designator: OldDesignator=R65 NewDesignator=R2
Change Component Designator: OldDesignator=R66 NewDesignator=R3
Change Component Designator: OldDesignator=R67 NewDesignator=R4
Change Component Designator: OldDesignator=R68 NewDesignator=R5
Change Component Designator: OldDesignator=R69 NewDesignator=R6
Change Component Designator: OldDesignator=R70 NewDesignator=R7
Change Component Designator: OldDesignator=R71 NewDesignator=R8
Change Component Designator: OldDesignator=R72 NewDesignator=R9
Change Component Designator: OldDesignator=R73 NewDesignator=R10
Change Component Designator: OldDesignator=R74 NewDesignator=R11
Change Component Designator: OldDesignator=R75 NewDesignator=R12
Change Component Designator: OldDesignator=R76 NewDesignator=R13
Change Component Designator: OldDesignator=R77 NewDesignator=R14
Change Component Designator: OldDesignator=R78 NewDesignator=R15
Change Component Designator: OldDesignator=R79 NewDesignator=R16
Change Component Designator: OldDesignator=R80 NewDesignator=R17
Change Component Designator: OldDesignator=R81 NewDesignator=R18
Change Component Designator: OldDesignator=R82 NewDesignator=R19
Change Component Designator: OldDesignator=R83 NewDesignator=R20
Change Component Designator: OldDesignator=U14 NewDesignator=U1
Change Component Designator: OldDesignator=U18 NewDesignator=U2
Change Component Designator: OldDesignator=U19 NewDesignator=U3
Change Component Designator: OldDesignator=U20 NewDesignator=U4
Change Component Designator: OldDesignator=U21 NewDesignator=U5
Change Component Designator: OldDesignator=U22 NewDesignator=U6
Added Component: Designator=JP6(XH2.54-LI-12P)
Add component (AddParameter): Name = "BOM名称"; Value = "12P接插件"; VariantName = "[No Variations]"
Add component (AddParameter): Name = "封装库来自淘宝卖家ID：黄晶宝石"; Value = "其他店铺购入均为盗版封装库，请立即申请退款，本店现金奖励50~200元"; VariantName = "[No Variations]"
Add component (AddParameter): Name = "联系卖家，免费查找封装"; Value = "唯一出售店铺网址https://shop463601444.taobao.com"; VariantName = "[No Variations]"
Added Pin To Net: NetName=SPI3_CS Pin=JP6-3
Added Pin To Net: NetName=SPI3_CLK Pin=JP6-4
Added Pin To Net: NetName=SPI3_MISO Pin=JP6-5
Added Pin To Net: NetName=SPI3_MOSI Pin=JP6-6
Added Pin To Net: NetName=DRDY Pin=JP6-7
Added Pin To Net: NetName=START Pin=JP6-8
Added Pin To Net: NetName=RESET Pin=JP6-9
Added Pin To Net: NetName=VCC5 Pin=JP6-10
Added Pin To Net: NetName=VCC3_3 Pin=JP6-11
Added Pin To Net: NetName=GND Pin=JP6-12
Change Net Name : Old Net Name=NetC90_1 New Net Name=NetC14_1
Change Net Name : Old Net Name=NetC96_1 New Net Name=NetC15_1
Change Net Name : Old Net Name=NetC105_1 New Net Name=NetC18_1
Change Net Name : Old Net Name=NetC109_2 New Net Name=NetC22_2
Change Net Name : Old Net Name=NetC113_2 New Net Name=NetC26_2
Change Net Name : Old Net Name=NetL3_1 New Net Name=NetL1_1
Change Net Name : Old Net Name=NetL3_2 New Net Name=NetL1_2
Change Net Name : Old Net Name=NetR69_2 New Net Name=NetR6_2
Change Net Name : Old Net Name=NetR72_1 New Net Name=NetR9_1
Change Net Name : Old Net Name=NetR73_1 New Net Name=NetR10_1
Change Net Name : Old Net Name=NetR83_2 New Net Name=NetR20_2
Change Net Name : Old Net Name=NetU19_6 New Net Name=NetU3_6
Added Pin To Net: NetName=SPI3_CS2 Pin=JP6-2
Added Pin To Net: NetName=SPI3_CS2 Pin=U1-45
Added Net: Name=SPI3_CS2
Added Pin To Net: NetName=SPI3_CS3 Pin=JP6-1
Added Pin To Net: NetName=SPI3_CS3 Pin=U1-44
Added Net: Name=SPI3_CS3
Added Member To Class: ClassName=communication Member=Component JP6 HDR-1X12
Added Room: Name=communication
Added Room: Name=mcu
Added Room: Name=power_battery
Added Room: Name=power_ic
