Change Component Designator: Old Designator=C103 New Designator=C16
Change Component Designator: Old Designator=C104 New Designator=C17
Change Component Designator: Old Designator=C105 New Designator=C18
Change Component Designator: Old Designator=C106 New Designator=C19
Change Component Designator: Old Designator=C107 New Designator=C20
Change Component Designator: Old Designator=C108 New Designator=C21
Change Component Designator: Old Designator=C109 New Designator=C22
Change Component Designator: Old Designator=C110 New Designator=C23
Change Component Designator: Old Designator=C111 New Designator=C24
Change Component Designator: Old Designator=C112 New Designator=C25
Change Component Designator: Old Designator=C113 New Designator=C26
Change Component Designator: Old Designator=C114 New Designator=C27
Change Component Designator: Old Designator=JP5 New Designator=JP2
Change Component Designator: Old Designator=L3 New Designator=L1
Change Component Designator: Old Designator=L4 New Designator=L2
Change Component Designator: Old Designator=R67 New Designator=R4
Change Component Designator: Old Designator=R68 New Designator=R5
Change Component Designator: Old Designator=R69 New Designator=R6
Change Component Designator: Old Designator=R70 New Designator=R7
Change Component Designator: Old Designator=R71 New Designator=R8
Change Component Designator: Old Designator=R72 New Designator=R9
Change Component Designator: Old Designator=R73 New Designator=R10
Change Component Designator: Old Designator=R74 New Designator=R11
Change Component Designator: Old Designator=R75 New Designator=R12
Change Component Designator: Old Designator=U18 New Designator=U2
Change Component Designator: Old Designator=U19 New Designator=U3
Change Component Designator: Old Designator=U19 New Designator=U3
Change Component Designator: Old Designator=U20 New Designator=U4
