Removed Member From Class: ClassName=signal3 Member=C52
Removed Member From Class: ClassName=signal1 Member=R27
Removed Member From Class: ClassName=signal2 Member=R42
Removed Member From Class: ClassName=signal2 Member=R44
Removed Member From Class: ClassName=signal2 Member=R49
Removed Member From Class: ClassName=signal2 Member=R51
Removed Member From Class: ClassName=signal3 Member=R57
Added Component: Designator=JP4(HDR2.54-LI-10P)
Add component (AddParameter): Name = "BOM名称"; Value = "10P接插件"; VariantName = "[No Variations]"
Add component (AddParameter): Name = "封装库来自淘宝卖家ID：黄晶宝石"; Value = "其他店铺购入均为盗版封装库，请立即申请退款，本店现金奖励50~200元"; VariantName = "[No Variations]"
Add component (AddParameter): Name = "联系卖家，免费查找封装"; Value = "唯一出售店铺网址https://shop463601444.taobao.com"; VariantName = "[No Variations]"
Added Pin To Net: NetName=SPI3_CS Pin=JP4-1
Added Pin To Net: NetName=SPI3_CLK Pin=JP4-2
Added Pin To Net: NetName=SPI3_MISO Pin=JP4-3
Added Pin To Net: NetName=SPI3_MOSI Pin=JP4-4
Added Pin To Net: NetName=DRDY Pin=JP4-5
Added Pin To Net: NetName=START Pin=JP4-6
Added Pin To Net: NetName=RESET Pin=JP4-7
Added Pin To Net: NetName=VCC5 Pin=JP4-8
Added Pin To Net: NetName=VCC3_3 Pin=JP4-9
Added Pin To Net: NetName=GND Pin=JP4-10
Added Member To Class: ClassName=signal3 Member=Component C49 1.5nF
Added Member To Class: ClassName=signal3 Member=Component C51 4.7nF
Added Member To Class: ClassName=ads1299 Member=Component C53 100nF
Added Member To Class: ClassName=ads1299 Member=Component C56 1uF
Added Member To Class: ClassName=ref Member=Component C67 1uF
Added Member To Class: ClassName=power_ic Member=Component C75 2.2uF
Added Member To Class: ClassName=power_ic Member=Component C76 2.2uF
Added Member To Class: ClassName=power_ic Member=Component C77 10uF
Added Member To Class: ClassName=power_ic Member=Component C78 10uF
Added Member To Class: ClassName=power_ic Member=Component C79 10nF
Added Member To Class: ClassName=power_ic Member=Component C80 1uF
Added Member To Class: ClassName=power_ic Member=Component C81 1uF
Added Member To Class: ClassName=power_ic Member=Component C82 1uF
Added Member To Class: ClassName=power_ic Member=Component C83 2.2uF
Added Member To Class: ClassName=power_ic Member=Component C84 10uF
Added Member To Class: ClassName=power_ic Member=Component C85 10uF
Added Member To Class: ClassName=power_ic Member=Component C86 2.2uF
Added Member To Class: ClassName=power_ic Member=Component C87 10nF
Added Member To Class: ClassName=ads1299 Member=Component JP4 HDR-1X10
Added Member To Class: ClassName=signal1 Member=Component R3 5.49K 0,01%
Added Member To Class: ClassName=signal1 Member=Component R4 0R
Added Member To Class: ClassName=signal1 Member=Component R6 20K 1%
Added Member To Class: ClassName=signal1 Member=Component R8 10K 1%
Added Member To Class: ClassName=signal1 Member=Component R10 470K 1%
Added Member To Class: ClassName=signal1 Member=Component R11 2M
Added Member To Class: ClassName=signal1 Member=Component R12 5.49K 0,01%
Added Member To Class: ClassName=signal1 Member=Component R13 5.49K 0,01%
Added Member To Class: ClassName=signal1 Member=Component R14 0R
Added Member To Class: ClassName=signal1 Member=Component R15 0R
Added Member To Class: ClassName=signal1 Member=Component R16 20K 1%
Added Member To Class: ClassName=signal1 Member=Component R17 10K 1%
Added Member To Class: ClassName=signal1 Member=Component R18 10K 1%
Added Member To Class: ClassName=signal1 Member=Component R19 330K 1%
Added Member To Class: ClassName=signal1 Member=Component R20 470K 1%
Added Member To Class: ClassName=signal2 Member=Component R21 2M
Added Member To Class: ClassName=signal2 Member=Component R22 5.49K 0,01%
Added Member To Class: ClassName=signal2 Member=Component R23 5.49K 0,01%
Added Member To Class: ClassName=signal2 Member=Component R24 0R
Added Member To Class: ClassName=signal2 Member=Component R26 20K 1%
Added Member To Class: ClassName=signal2 Member=Component R28 10K 1%
Added Member To Class: ClassName=signal2 Member=Component R29 330K 1%
Added Member To Class: ClassName=signal2 Member=Component R30 470K 1%
Added Member To Class: ClassName=signal2 Member=Component R32 5.49K 0,01%
Added Member To Class: ClassName=signal2 Member=Component R33 5.49K 0,01%
Added Member To Class: ClassName=signal2 Member=Component R34 0R
Added Member To Class: ClassName=signal2 Member=Component R35 0R
Added Member To Class: ClassName=signal2 Member=Component R36 20K 1%
Added Member To Class: ClassName=signal2 Member=Component R37 10K 1%
Added Member To Class: ClassName=signal2 Member=Component R38 10K 1%
Added Member To Class: ClassName=signal2 Member=Component R39 330K 1%
Added Member To Class: ClassName=signal2 Member=Component R40 470K 1%
Added Member To Class: ClassName=signal3 Member=Component R41 5.1K
Added Member To Class: ClassName=signal3 Member=Component R43 5.1K
Added Member To Class: ClassName=signal3 Member=Component R45 5.1K
Added Member To Class: ClassName=signal3 Member=Component R46 100K
Added Member To Class: ClassName=signal3 Member=Component R47 0R
Added Member To Class: ClassName=signal3 Member=Component R48 0R_N
Added Member To Class: ClassName=signal3 Member=Component R50 0R_N
Added Member To Class: ClassName=signal3 Member=Component R52 5.1K
Added Member To Class: ClassName=signal3 Member=Component R53 1MR
Added Member To Class: ClassName=signal3 Member=Component R54 5.1K
Added Member To Class: ClassName=signal3 Member=Component R56 5.1K
Added Member To Class: ClassName=ads1299 Member=Component R58 0R_N
Added Member To Class: ClassName=ads1299 Member=Component R59 1M
Added Member To Class: ClassName=ads1299 Member=Component R60 100K
Added Member To Class: ClassName=ads1299 Member=Component R61 100K
Added Member To Class: ClassName=ads1299 Member=Component R62 100K
Added Member To Class: ClassName=ads1299 Member=Component R63 0R
Added Member To Class: ClassName=ads1299 Member=Component R64 100K
Added Member To Class: ClassName=ads1299 Member=Component R65 0R
Added Member To Class: ClassName=ads1299 Member=Component R66 0R_N
Added Member To Class: ClassName=ref Member=Component R67 2K
Added Member To Class: ClassName=ref Member=Component R68 1K
Added Member To Class: ClassName=ref Member=Component R69 47
Added Member To Class: ClassName=ref Member=Component R70 20K 0.1%
Added Member To Class: ClassName=ref Member=Component R71 20K 0.1%
Added Member To Class: ClassName=power_ic Member=Component R72 0R
Added Member To Class: ClassName=ref Member=Component U11 REF5025AIDR
Added Member To Class: ClassName=power_ic Member=Component U14 TPS73225DBVR
Added Member To Class: ClassName=power_ic Member=Component U16 TPS72325DBVT
Added Room: Name=power_ic
Added Room: Name=ref
