Removed Pin From Net: NetName=VCC3_3 Pin=C75-1
Removed Pin From Net: NetName=GND Pin=C75-2
Removed Pin From Net: NetName=GND Pin=C76-1
Removed Pin From Net: NetName=VCC3_3 Pin=C76-2
Removed Pin From Net: NetName=GND Pin=C77-1
Removed Pin From Net: NetName=VCC3_3 Pin=C77-2
Removed Pin From Net: NetName=GND Pin=C78-1
Removed Pin From Net: NetName=VCC3_3 Pin=C78-2
Removed Pin From Net: NetName=GND Pin=C79-1
Removed Pin From Net: NetName=VCC3_3 Pin=C79-2
Removed Pin From Net: NetName=GND Pin=C80-1
Removed Pin From Net: NetName=VCC3_3 Pin=C80-2
Removed Pin From Net: NetName=GND Pin=C81-1
Removed Pin From Net: NetName=VCC3_3 Pin=C81-2
Removed Pin From Net: NetName=GND Pin=C82-1
Removed Pin From Net: NetName=GND Pin=C83-1
Removed Pin From Net: NetName=GND Pin=C84-1
Removed Pin From Net: NetName=GND Pin=C85-1
Removed Pin From Net: NetName=GND Pin=C86-2
Removed Pin From Net: NetName=VCC3_3 Pin=C87-2
Removed Pin From Net: NetName=GND Pin=C90-2
Removed Pin From Net: NetName=GND Pin=C96-2
Removed Pin From Net: NetName=GND Pin=C103-1
Removed Pin From Net: NetName=GND Pin=C104-1
Removed Pin From Net: NetName=GND Pin=C106-1
Removed Pin From Net: NetName=GND Pin=C107-1
Removed Pin From Net: NetName=GND Pin=C108-2
Removed Pin From Net: NetName=GND Pin=C109-1
Removed Pin From Net: NetName=GND Pin=C110-1
Removed Pin From Net: NetName=GND Pin=C111-1
Removed Pin From Net: NetName=GND Pin=C112-1
Removed Pin From Net: NetName=VCC5 Pin=C112-2
Removed Pin From Net: NetName=GND Pin=C113-1
Removed Pin From Net: NetName=GND Pin=C114-1
Removed Pin From Net: NetName=VCC3_3 Pin=C115-1
Removed Pin From Net: NetName=GND Pin=C115-2
Removed Pin From Net: NetName=GND Pin=C116-1
Removed Pin From Net: NetName=GND Pin=C117-1
Removed Pin From Net: NetName=GND Pin=C118-1
Removed Pin From Net: NetName=GND Pin=C119-1
Removed Pin From Net: NetName=GND Pin=C120-1
Removed Pin From Net: NetName=GND Pin=C121-1
Removed Pin From Net: NetName=GND Pin=C122-1
Removed Pin From Net: NetName=GND Pin=C123-1
Removed Pin From Net: NetName=GND Pin=CON1-2
Removed Pin From Net: NetName=GND Pin=D1-1
Removed Pin From Net: NetName=GND Pin=D2-1
Removed Pin From Net: NetName=GND Pin=D4-1
Removed Pin From Net: NetName=VCC5 Pin=E1-1
Removed Pin From Net: NetName=GND Pin=E1-2
Removed Pin From Net: NetName=GND Pin=E2-2
Removed Pin From Net: NetName=VCC5 Pin=E3-1
Removed Pin From Net: NetName=GND Pin=E3-2
Removed Pin From Net: NetName=GND Pin=E4-2
Removed Pin From Net: NetName=VCC3_3 Pin=JP4-1
Removed Pin From Net: NetName=GND Pin=JP4-4
Removed Pin From Net: NetName=GND Pin=JP5-2
Removed Pin From Net: NetName=GND Pin=JP6-3
Removed Pin From Net: NetName=GND Pin=JP7-1
Removed Pin From Net: NetName=VCC3_3 Pin=JP7-2
Removed Pin From Net: NetName=GND Pin=JP8-3
Removed Pin From Net: NetName=SPI3_MOSI Pin=JP9-1
Removed Pin From Net: NetName=SPI3_CLK Pin=JP9-2
Removed Pin From Net: NetName=SPI3_MISO Pin=JP9-3
Removed Pin From Net: NetName=RL_CAP Pin=R50-2
Removed Pin From Net: NetName=VCC3_3 Pin=R64-1
Removed Pin From Net: NetName=VCC3_3 Pin=R65-1
Removed Pin From Net: NetName=GND Pin=R66-2
Removed Pin From Net: NetName=GND Pin=R69-1
Removed Pin From Net: NetName=GND Pin=R74-1
Removed Pin From Net: NetName=GND Pin=R75-1
Removed Pin From Net: NetName=VCC3_3 Pin=R76-1
Removed Pin From Net: NetName=VCC3_3 Pin=R77-1
Removed Pin From Net: NetName=VCC3_3 Pin=R81-1
Removed Pin From Net: NetName=VCC3_3 Pin=R82-1
Removed Pin From Net: NetName=GND Pin=R83-1
Removed Pin From Net: NetName=VCC3_3 Pin=RF1-1
Removed Pin From Net: NetName=VCC5 Pin=RF3-2
Removed Pin From Net: NetName=GND Pin=SW1-1
Removed Pin From Net: NetName=GND Pin=SW1-4
Removed Pin From Net: NetName=VCC3_3 Pin=SW2-1
Removed Pin From Net: NetName=VCC3_3 Pin=SW2-4
Removed Pin From Net: NetName=GND Pin=SW3-2
Removed Pin From Net: NetName=GND Pin=SW3-3
Removed Pin From Net: NetName=GND Pin=SW4-2
Removed Pin From Net: NetName=GND Pin=SW4-3
Removed Pin From Net: NetName=GND Pin=SW5-2
Removed Pin From Net: NetName=GND Pin=SW5-3
Removed Pin From Net: NetName=GND Pin=SW6-2
Removed Pin From Net: NetName=GND Pin=SW6-3
Removed Pin From Net: NetName=VCC3_3 Pin=U14-1
Removed Pin From Net: NetName=GND Pin=U14-12
Removed Pin From Net: NetName=VCC3_3 Pin=U14-13
Removed Pin From Net: NetName=GND Pin=U14-18
Removed Pin From Net: NetName=VCC3_3 Pin=U14-19
Removed Pin From Net: NetName=VCC3_3 Pin=U14-32
Removed Pin From Net: NetName=SPI3_CS Pin=U14-33
Removed Pin From Net: NetName=SPI3_CLK Pin=U14-34
Removed Pin From Net: NetName=SPI3_MISO Pin=U14-35
Removed Pin From Net: NetName=SPI3_MOSI Pin=U14-36
Removed Pin From Net: NetName=DRDY Pin=U14-37
Removed Pin From Net: NetName=START Pin=U14-38
Removed Pin From Net: NetName=RESET Pin=U14-39
Removed Pin From Net: NetName=VCC3_3 Pin=U14-48
Removed Pin From Net: NetName=GND Pin=U14-63
Removed Pin From Net: NetName=VCC3_3 Pin=U14-64
Removed Pin From Net: NetName=GND Pin=U18-5
Removed Pin From Net: NetName=GND Pin=U18-9
Removed Pin From Net: NetName=GND Pin=U18-11
Removed Pin From Net: NetName=GND Pin=U19-4
Removed Pin From Net: NetName=GND Pin=U19-5
Removed Pin From Net: NetName=VCC5 Pin=U19-8
Removed Pin From Net: NetName=GND Pin=U20-2
Removed Pin From Net: NetName=GND Pin=U21-3
Removed Pin From Net: NetName=VCC3_3 Pin=U21-5
Removed Pin From Net: NetName=VCC3_3 Pin=U21-8
Removed Pin From Net: NetName=GND Pin=U22-9
Removed Pin From Net: NetName=GND Pin=U22-23
Removed Pin From Net: NetName=GND Pin=USBC1-0
Removed Pin From Net: NetName=GND Pin=USBC1-0
Removed Pin From Net: NetName=GND Pin=USBC1-0
Removed Pin From Net: NetName=GND Pin=USBC1-0
Removed Pin From Net: NetName=GND Pin=USBC1-A1
Removed Pin From Net: NetName=GND Pin=USBC1-A12
Removed Pin From Net: NetName=GND Pin=USBC1-B1
Removed Pin From Net: NetName=GND Pin=USBC1-B12
Removed Pin From Net: NetName=GND Pin=V1-1
Removed Pin From Net: NetName=VCC5 Pin=V1-3
Removed Pin From Net: NetName=GND Pin=V2-1
Removed Pin From Net: NetName=VCC5 Pin=V2-3
Removed Pin From Net: NetName=GND Pin=X1-2
Removed Pin From Net: NetName=GND Pin=X1-4
Removed Member From Class: ClassName=power_ic Member=C90
Removed Member From Class: ClassName=power_ic Member=C96
Removed Member From Class: ClassName=power_ic Member=D1
Removed Member From Class: ClassName=power_ic Member=D2
Removed Member From Class: ClassName=power_ic Member=E1
Removed Member From Class: ClassName=power_ic Member=E2
Removed Member From Class: ClassName=power_ic Member=E3
Removed Member From Class: ClassName=power_ic Member=E4
Removed Member From Class: ClassName=signal2 Member=R20
Removed Member From Class: ClassName=power_ic Member=RF1
Removed Member From Class: ClassName=power_ic Member=RF2
Removed Member From Class: ClassName=power_ic Member=V1
Removed Member From Class: ClassName=power_ic Member=V2
Change Component Footprint: Designator=R2 Old Footprint=R0603_L New Footprint=R0603_M
Change Component Footprint: Designator=JP4 Old Footprint=XH2.54-WI-4P New Footprint=HDR2.54-LI-10P
Change Component Comment : Designator=R42 Old Comment=0R New Comment=0R_N
Change Component Comment : Designator=R43 Old Comment=0R New Comment=0R_N
Change Component Comment : Designator=R44 Old Comment=0R New Comment=0R_N
Change Component Comment : Designator=R45 Old Comment=0R New Comment=0R_N
Change Component Comment : Designator=R58 Old Comment=0R New Comment=0R_N
Change Component Comment : Designator=C51 Old Comment=1nF New Comment=1.5nF
Change Component Comment : Designator=R2 Old Comment=11K 1% New Comment=5.49K 0,01%
Change Component Comment : Designator=JP4 Old Comment=HDR-1X4 New Comment=HDR-1X10
Change Component Designator: OldDesignator=C49 NewDesignator=C50
Change Component Designator: OldDesignator=C50 NewDesignator=C51
Change Component Designator: OldDesignator=C51 NewDesignator=C52
Change Component Designator: OldDesignator=C52 NewDesignator=C53
Change Component Designator: OldDesignator=C53 NewDesignator=C54
Change Component Designator: OldDesignator=C54 NewDesignator=C55
Change Component Designator: OldDesignator=C56 NewDesignator=C57
Change Component Designator: OldDesignator=C57 NewDesignator=C56
Change Component Designator: OldDesignator=C88 NewDesignator=C75
Change Component Designator: OldDesignator=C89 NewDesignator=C76
Change Component Designator: OldDesignator=C91 NewDesignator=C77
Change Component Designator: OldDesignator=C92 NewDesignator=C78
Change Component Designator: OldDesignator=C93 NewDesignator=C79
Change Component Designator: OldDesignator=C94 NewDesignator=C80
Change Component Designator: OldDesignator=C95 NewDesignator=C81
Change Component Designator: OldDesignator=C97 NewDesignator=C82
Change Component Designator: OldDesignator=C98 NewDesignator=C83
Change Component Designator: OldDesignator=C99 NewDesignator=C84
Change Component Designator: OldDesignator=C100 NewDesignator=C85
Change Component Designator: OldDesignator=C101 NewDesignator=C86
Change Component Designator: OldDesignator=C102 NewDesignator=C87
Change Component Designator: OldDesignator=R3 NewDesignator=R4
Change Component Designator: OldDesignator=R4 NewDesignator=R5
Change Component Designator: OldDesignator=R5 NewDesignator=R6
Change Component Designator: OldDesignator=R6 NewDesignator=R7
Change Component Designator: OldDesignator=R7 NewDesignator=R8
Change Component Designator: OldDesignator=R8 NewDesignator=R9
Change Component Designator: OldDesignator=R9 NewDesignator=R10
Change Component Designator: OldDesignator=R10 NewDesignator=R11
Change Component Designator: OldDesignator=R12 NewDesignator=R14
Change Component Designator: OldDesignator=R13 NewDesignator=R15
Change Component Designator: OldDesignator=R14 NewDesignator=R16
Change Component Designator: OldDesignator=R15 NewDesignator=R17
Change Component Designator: OldDesignator=R16 NewDesignator=R18
Change Component Designator: OldDesignator=R17 NewDesignator=R19
Change Component Designator: OldDesignator=R18 NewDesignator=R20
Change Component Designator: OldDesignator=R19 NewDesignator=R21
Change Component Designator: OldDesignator=R21 NewDesignator=R24
Change Component Designator: OldDesignator=R22 NewDesignator=R25
Change Component Designator: OldDesignator=R23 NewDesignator=R26
Change Component Designator: OldDesignator=R24 NewDesignator=R27
Change Component Designator: OldDesignator=R25 NewDesignator=R28
Change Component Designator: OldDesignator=R26 NewDesignator=R29
Change Component Designator: OldDesignator=R27 NewDesignator=R30
Change Component Designator: OldDesignator=R28 NewDesignator=R31
Change Component Designator: OldDesignator=R30 NewDesignator=R34
Change Component Designator: OldDesignator=R31 NewDesignator=R35
Change Component Designator: OldDesignator=R32 NewDesignator=R36
Change Component Designator: OldDesignator=R33 NewDesignator=R37
Change Component Designator: OldDesignator=R34 NewDesignator=R38
Change Component Designator: OldDesignator=R35 NewDesignator=R39
Change Component Designator: OldDesignator=R36 NewDesignator=R40
Change Component Designator: OldDesignator=R37 NewDesignator=R41
Change Component Designator: OldDesignator=R38 NewDesignator=R42
Change Component Designator: OldDesignator=R39 NewDesignator=R43
Change Component Designator: OldDesignator=R40 NewDesignator=R44
Change Component Designator: OldDesignator=R41 NewDesignator=R45
Change Component Designator: OldDesignator=R42 NewDesignator=R48
Change Component Designator: OldDesignator=R43 NewDesignator=R49
Change Component Designator: OldDesignator=R44 NewDesignator=R50
Change Component Designator: OldDesignator=R45 NewDesignator=R51
Change Component Designator: OldDesignator=R46 NewDesignator=R52
Change Component Designator: OldDesignator=R47 NewDesignator=R54
Change Component Designator: OldDesignator=R48 NewDesignator=R55
Change Component Designator: OldDesignator=R49 NewDesignator=R56
Change Component Designator: OldDesignator=R50 NewDesignator=R57
Change Component Designator: OldDesignator=R51 NewDesignator=R59
Change Component Designator: OldDesignator=R52 NewDesignator=R60
Change Component Designator: OldDesignator=R53 NewDesignator=R61
Change Component Designator: OldDesignator=R54 NewDesignator=R62
Change Component Designator: OldDesignator=R55 NewDesignator=R63
Change Component Designator: OldDesignator=R56 NewDesignator=R64
Change Component Designator: OldDesignator=R57 NewDesignator=R65
Change Component Designator: OldDesignator=R58 NewDesignator=R66
Change Component Designator: OldDesignator=R59 NewDesignator=R67
Change Component Designator: OldDesignator=R60 NewDesignator=R68
Change Component Designator: OldDesignator=R61 NewDesignator=R69
Change Component Designator: OldDesignator=R62 NewDesignator=R70
Change Component Designator: OldDesignator=R63 NewDesignator=R71
Change Component Designator: OldDesignator=R84 NewDesignator=R72
Change Component Designator: OldDesignator=U15 NewDesignator=U14
Change Component Designator: OldDesignator=U16 NewDesignator=U15
Change Component Designator: OldDesignator=U17 NewDesignator=U16
Change component parameters: Designator = "JP4" ("JP4"); Footprint = "XH2.54-WI-4P"; UniqueID = "\MPLYJRKA" ("\MPLYJRKA")
Change component parameters (AddParameter): Name = "BOM名称"; Value = "10P接插件"; VariantName = "[No Variations]"
Change component parameters (AddParameter): Name = "封装库来自淘宝卖家ID：黄晶宝石"; Value = "其他店铺购入均为盗版封装库，请立即申请退款，本店现金奖励50~200元"; VariantName = "[No Variations]"
Change component parameters (AddParameter): Name = "联系卖家，免费查找封装"; Value = "唯一出售店铺网址https://shop463601444.taobao.com"; VariantName = "[No Variations]"
Added Component: Designator=C49(C0603_L)
Add component (AddParameter): Name = "BOM名称"; Value = "无极性贴片电容"; VariantName = "[No Variations]"
Add component (AddParameter): Name = "联系下单店铺卖家 免费帮你查找封装"; Value = "联系下单店铺卖家 免费技术指导"; VariantName = "[No Variations]"
Added Component: Designator=R3(R0603_M)
Add component (AddParameter): Name = "BOM名称"; Value = "贴片电阻"; VariantName = "[No Variations]"
Add component (AddParameter): Name = "联系下单店铺卖家 免费帮你查找封装"; Value = "联系下单店铺卖家 免费技术指导"; VariantName = "[No Variations]"
Added Component: Designator=R12(R0603_M)
Add component (AddParameter): Name = "BOM名称"; Value = "贴片电阻"; VariantName = "[No Variations]"
Add component (AddParameter): Name = "联系下单店铺卖家 免费帮你查找封装"; Value = "联系下单店铺卖家 免费技术指导"; VariantName = "[No Variations]"
Added Component: Designator=R13(R0603_M)
Add component (AddParameter): Name = "BOM名称"; Value = "贴片电阻"; VariantName = "[No Variations]"
Add component (AddParameter): Name = "联系下单店铺卖家 免费帮你查找封装"; Value = "联系下单店铺卖家 免费技术指导"; VariantName = "[No Variations]"
Added Component: Designator=R22(R0603_M)
Add component (AddParameter): Name = "BOM名称"; Value = "贴片电阻"; VariantName = "[No Variations]"
Add component (AddParameter): Name = "联系下单店铺卖家 免费帮你查找封装"; Value = "联系下单店铺卖家 免费技术指导"; VariantName = "[No Variations]"
Added Component: Designator=R23(R0603_M)
Add component (AddParameter): Name = "BOM名称"; Value = "贴片电阻"; VariantName = "[No Variations]"
Add component (AddParameter): Name = "联系下单店铺卖家 免费帮你查找封装"; Value = "联系下单店铺卖家 免费技术指导"; VariantName = "[No Variations]"
Added Component: Designator=R32(R0603_M)
Add component (AddParameter): Name = "BOM名称"; Value = "贴片电阻"; VariantName = "[No Variations]"
Add component (AddParameter): Name = "联系下单店铺卖家 免费帮你查找封装"; Value = "联系下单店铺卖家 免费技术指导"; VariantName = "[No Variations]"
Added Component: Designator=R33(R0603_M)
Add component (AddParameter): Name = "BOM名称"; Value = "贴片电阻"; VariantName = "[No Variations]"
Add component (AddParameter): Name = "联系下单店铺卖家 免费帮你查找封装"; Value = "联系下单店铺卖家 免费技术指导"; VariantName = "[No Variations]"
Added Component: Designator=R46(R0603_L)
Add component (AddParameter): Name = "BOM名称"; Value = "贴片电阻"; VariantName = "[No Variations]"
Add component (AddParameter): Name = "联系下单店铺卖家 免费帮你查找封装"; Value = "联系下单店铺卖家 免费技术指导"; VariantName = "[No Variations]"
Added Component: Designator=R47(R0603_L)
Add component (AddParameter): Name = "BOM名称"; Value = "贴片电阻"; VariantName = "[No Variations]"
Add component (AddParameter): Name = "联系下单店铺卖家 免费帮你查找封装"; Value = "联系下单店铺卖家 免费技术指导"; VariantName = "[No Variations]"
Added Component: Designator=R53(R0603_L)
Add component (AddParameter): Name = "BOM名称"; Value = "贴片电阻"; VariantName = "[No Variations]"
Add component (AddParameter): Name = "联系下单店铺卖家 免费帮你查找封装"; Value = "联系下单店铺卖家 免费技术指导"; VariantName = "[No Variations]"
Added Component: Designator=R58(R0603_L)
Add component (AddParameter): Name = "BOM名称"; Value = "贴片电阻"; VariantName = "[No Variations]"
Add component (AddParameter): Name = "联系下单店铺卖家 免费帮你查找封装"; Value = "联系下单店铺卖家 免费技术指导"; VariantName = "[No Variations]"
Added Pin To Net: NetName=AGND Pin=IC5-5
Added Pin To Net: NetName=SPI3_CS Pin=JP4-1
Added Pin To Net: NetName=SPI3_CLK Pin=JP4-2
Added Pin To Net: NetName=SPI3_MISO Pin=JP4-3
Added Pin To Net: NetName=SPI3_MOSI Pin=JP4-4
Added Pin To Net: NetName=DRDY Pin=JP4-5
Added Pin To Net: NetName=START Pin=JP4-6
Added Pin To Net: NetName=RESET Pin=JP4-7
Added Pin To Net: NetName=VCC5 Pin=JP4-8
Added Pin To Net: NetName=VCC3_3 Pin=JP4-9
Added Pin To Net: NetName=GND Pin=JP4-10
Added Pin To Net: NetName=RL_CAP Pin=R47-1
Added Pin To Net: NetName=RL_CAP Pin=R58-1
Change Net Name : Old Net Name=NetC51_1 New Net Name=NetC52_1
Change Net Name : Old Net Name=NetC51_2 New Net Name=NetC52_2
Change Net Name : Old Net Name=NetC52_2 New Net Name=NetC53_2
Change Net Name : Old Net Name=NetC89_2 New Net Name=NetC76_2
Change Net Name : Old Net Name=NetC93_1 New Net Name=NetC79_1
Change Net Name : Old Net Name=NetC97_1 New Net Name=NetC82_1
Change Net Name : Old Net Name=NetC97_2 New Net Name=NetC82_2
Change Net Name : Old Net Name=NetC98_2 New Net Name=NetC83_2
Change Net Name : Old Net Name=NetC102_1 New Net Name=NetC87_1
Change Net Name : Old Net Name=NetR52_1 New Net Name=NetR60_1
Change Net Name : Old Net Name=NetR53_1 New Net Name=NetR61_1
Change Net Name : Old Net Name=NetR54_1 New Net Name=NetR62_1
Change Net Name : Old Net Name=NetR56_1 New Net Name=NetR64_1
Change Net Name : Old Net Name=NetR62_1 New Net Name=NetR70_1
Added Pin To Net: NetName=NetC49_2 Pin=C49-2
Added Pin To Net: NetName=NetC49_2 Pin=IC5-7
Added Pin To Net: NetName=NetC49_2 Pin=R46-2
Added Pin To Net: NetName=NetC49_2 Pin=R53-1
Added Net: Name=NetC49_2
Added Pin To Net: NetName=NetR3_2 Pin=R3-2
Added Pin To Net: NetName=NetR3_2 Pin=U1-8
Added Net: Name=NetR3_2
Added Pin To Net: NetName=NetR12_1 Pin=R12-1
Added Pin To Net: NetName=NetR12_1 Pin=U2-1
Added Net: Name=NetR12_1
Added Pin To Net: NetName=NetR13_2 Pin=R13-2
Added Pin To Net: NetName=NetR13_2 Pin=U2-8
Added Net: Name=NetR13_2
Added Pin To Net: NetName=NetR22_1 Pin=R22-1
Added Pin To Net: NetName=NetR22_1 Pin=U3-1
Added Net: Name=NetR22_1
Added Pin To Net: NetName=NetR23_2 Pin=R23-2
Added Pin To Net: NetName=NetR23_2 Pin=U3-8
Added Net: Name=NetR23_2
Added Pin To Net: NetName=NetR32_1 Pin=R32-1
Added Pin To Net: NetName=NetR32_1 Pin=U4-1
Added Net: Name=NetR32_1
Added Pin To Net: NetName=NetR33_2 Pin=R33-2
Added Pin To Net: NetName=NetR33_2 Pin=U4-8
Added Net: Name=NetR33_2
Added Pin To Net: NetName=NetR46_1 Pin=R46-1
Added Pin To Net: NetName=NetR46_1 Pin=R47-2
Added Net: Name=NetR46_1
Added Pin To Net: NetName=NetR57_2 Pin=R57-2
Added Pin To Net: NetName=NetR57_2 Pin=R58-2
Added Net: Name=NetR57_2
Added Pin To Net: NetName=RL_IN Pin=C49-1
Added Pin To Net: NetName=RL_IN Pin=IC5-6
Added Pin To Net: NetName=RL_IN Pin=R2-2
Added Pin To Net: NetName=RL_IN Pin=R3-1
Added Pin To Net: NetName=RL_IN Pin=R12-2
Added Pin To Net: NetName=RL_IN Pin=R13-1
Added Pin To Net: NetName=RL_IN Pin=R22-2
Added Pin To Net: NetName=RL_IN Pin=R23-1
Added Pin To Net: NetName=RL_IN Pin=R32-2
Added Pin To Net: NetName=RL_IN Pin=R33-1
Added Pin To Net: NetName=RL_IN Pin=R53-2
Added Net: Name=RL_IN
Added Member To Class: ClassName=signal3 Member=Component C51 4.7nF
Added Member To Class: ClassName=ads1299 Member=Component JP4 HDR-1X10
Added Member To Class: ClassName=signal1 Member=Component R19 330K 1%
Added Member To Class: ClassName=signal1 Member=Component R20 470K 1%
Added Member To Class: ClassName=signal2 Member=Component R37 10K 1%
Added Member To Class: ClassName=signal2 Member=Component R39 330K 1%
Added Member To Class: ClassName=signal2 Member=Component R40 470K 1%
Added Member To Class: ClassName=signal3 Member=Component R52 5.1K
Added Member To Class: ClassName=signal3 Member=Component R53 1MR
Added Member To Class: ClassName=signal3 Member=Component R54 5.1K
Added Member To Class: ClassName=ads1299 Member=Component R66 0R_N
Added Room: Name=ads1299
Added Room: Name=power_ic
Added Room: Name=ref
Added Room: Name=signal1
Added Room: Name=signal2
Added Room: Name=signal3
