Removed Member From Class: ClassName=signal3 Member=JP?
Removed Member From Class: ClassName=signal3 Member=U?
Change Component Designator: OldDesignator=JP1 NewDesignator=JP2
Change Component Designator: OldDesignator=JP2 NewDesignator=JP3
Change Component Designator: OldDesignator=JP? NewDesignator=JP1
Change Component Designator: OldDesignator=U5 NewDesignator=U6
Change Component Designator: OldDesignator=U6 NewDesignator=U7
Change Component Designator: OldDesignator=U7 NewDesignator=U8
Change Component Designator: OldDesignator=U8 NewDesignator=U9
Change Component Designator: OldDesignator=U? NewDesignator=U5
Added Member To Class: ClassName=signal3 Member=Component JP3 Header 4X2
Added Member To Class: ClassName=signal3 Member=Component U9 TPD4E1B06DCKR
Added Room: Name=ads1299
Added Room: Name=communication
Added Room: Name=mcu
Added Room: Name=power_battery
Added Room: Name=power_ic
Added Room: Name=ref
Added Room: Name=signal1
Added Room: Name=signal2
